<?xml version="1.0" encoding="UTF-8"?>
<!-- Generated by org.testng.reporters.JUnitReportReporter -->
<testsuite hostname="DESKTOP-0GKVC58" failures="0" tests="1" name="com.int_banking_testCases.BasicTest" time="0.019" errors="0" timestamp="2023-10-02T11:48:36 IST" skipped="0">
  <testcase classname="com.int_banking_testCases.BasicTest" name="basicTest" time="0.019"/>
</testsuite> <!-- com.int_banking_testCases.BasicTest -->
