<?xml version="1.0" encoding="UTF-8"?>
<!-- Generated by org.testng.reporters.JUnitReportReporter -->
<testsuite hostname="DESKTOP-0GKVC58" failures="0" tests="1" name="com.int_banking_testCases.TC_LoginTest_001" time="1.861" errors="0" timestamp="2023-10-03T17:14:34 IST" skipped="0">
  <testcase classname="com.int_banking_testCases.TC_LoginTest_001" name="loginTest" time="1.861"/>
</testsuite> <!-- com.int_banking_testCases.TC_LoginTest_001 -->
